[15:19:08] [main/INFO]: Loading Minecraft 1.21.4 with Fabric Loader 0.16.10
[15:19:08] [main/INFO]: Fabric is preparing JARs on first launch, this may take a few seconds...
[15:19:08] [main/INFO]: Loading 4 mods:
	- fabricloader 0.16.10
	   \-- mixinextras 0.4.1
	- java 21
	- minecraft 1.21.4
[15:19:08] [main/INFO]: SpongePowered MIXIN Subsystem Version=0.8.7 Source=file:/C:/Users/Miguel/AppData/Roaming/.minecraft/libraries/net/fabricmc/sponge-mixin/0.15.4+mixin.0.8.7/sponge-mixin-0.15.4+mixin.0.8.7.jar Service=Knot/Fabric Env=CLIENT
[15:19:10] [Datafixer Bootstrap/INFO]: 243 Datafixer optimizations took 520 milliseconds
[15:19:17] [Render thread/INFO]: Environment: Environment[sessionHost=https://sessionserver.mojang.com, servicesHost=https://api.minecraftservices.com, name=PROD]
[15:19:17] [Render thread/INFO]: Setting user: ItzMiguelTrue
[15:19:17] [Render thread/INFO]: Backend library: LWJGL version 3.3.3-snapshot
[15:19:20] [Render thread/INFO]: Reloading ResourceManager: vanilla
[15:19:20] [Worker-Main-7/INFO]: Found unifont_jp_patch-16.0.01.hex, loading
[15:19:20] [Worker-Main-5/INFO]: Found unifont_all_no_pua-16.0.01.hex, loading
[15:19:25] [Render thread/INFO]: OpenAL initialized on device OpenAL Soft on Auriculares (Realtek(R) Audio)
[15:19:25] [Render thread/INFO]: Sound engine started
[15:19:25] [Render thread/INFO]: Created: 1024x512x4 minecraft:textures/atlas/blocks.png-atlas
[15:19:25] [Render thread/INFO]: Created: 256x256x4 minecraft:textures/atlas/signs.png-atlas
[15:19:25] [Render thread/INFO]: Created: 512x512x4 minecraft:textures/atlas/shield_patterns.png-atlas
[15:19:25] [Render thread/INFO]: Created: 512x512x4 minecraft:textures/atlas/banner_patterns.png-atlas
[15:19:25] [Render thread/INFO]: Created: 2048x1024x4 minecraft:textures/atlas/armor_trims.png-atlas
[15:19:25] [Render thread/INFO]: Created: 256x256x4 minecraft:textures/atlas/chest.png-atlas
[15:19:25] [Render thread/INFO]: Created: 128x64x4 minecraft:textures/atlas/decorated_pot.png-atlas
[15:19:25] [Render thread/INFO]: Created: 512x256x4 minecraft:textures/atlas/shulker_boxes.png-atlas
[15:19:25] [Render thread/INFO]: Created: 512x256x4 minecraft:textures/atlas/beds.png-atlas
[15:19:25] [Render thread/INFO]: Created: 64x64x0 minecraft:textures/atlas/map_decorations.png-atlas
[15:19:25] [Render thread/INFO]: Created: 512x256x0 minecraft:textures/atlas/particles.png-atlas
[15:19:25] [Render thread/INFO]: Created: 512x256x0 minecraft:textures/atlas/paintings.png-atlas
[15:19:25] [Render thread/INFO]: Created: 256x128x0 minecraft:textures/atlas/mob_effects.png-atlas
[15:19:25] [Render thread/INFO]: Created: 1024x512x0 minecraft:textures/atlas/gui.png-atlas
[15:19:43] [Render thread/INFO]: Loaded 1370 recipes
[15:19:43] [Render thread/INFO]: Loaded 1481 advancements
[15:19:59] [Render thread/INFO]: Loaded 1370 recipes
[15:19:59] [Render thread/INFO]: Loaded 1481 advancements
[15:20:10] [Render thread/INFO]: Stopping!
